Dotfiles Testing Framework - Test Run Log
==========================================
Start Time: Mon Aug  4 17:06:47 EEST 2025
Platform: darwin25
Test Directory: /Users/bogdan/dotfiles/tests
Dotfiles Directory: /Users/bogdan/dotfiles

[0;34m[INFO][0m Environment setup complete
[0;36m[1mInfrastructure Tests[0m
[0;36m============================================================[0m
[0;36m[1mRunning infrastructure: test_installation.sh[0m
[0;36m============================================================[0m
[0;31m[ERROR][0m test_installation.sh failed (0s)
[0;34m[INFO][0m Starting Dotfiles Installation Testing Framework
[0;34m[INFO][0m Platform: darwin25
[0;34m[INFO][0m Date: Mon Aug  4 17:06:47 EEST 2025

[0;34m[INFO][0m Setting up test environment...
[0;34m[INFO][0m Running tests in current directory
[0;34m[INFO][0m Running test: Installer script exists and is executable
[0;32m[PASS][0m Installer script exists and is executable

[0;36m[1mRunning infrastructure: test_health_checks.sh[0m
[0;36m============================================================[0m
[0;31m[ERROR][0m test_health_checks.sh failed (0s)
[0;34m[INFO][0m Starting Dotfiles Health Check Testing Framework
[0;34m[INFO][0m Platform: darwin25
[0;34m[INFO][0m Date: Mon Aug  4 17:06:47 EEST 2025

[0;34m[INFO][0m Running test: Health check script exists and is executable
[0;32m[PASS][0m Health check script exists and is executable

[0;36m[1mRunning infrastructure: test_configuration.sh[0m
[0;36m============================================================[0m
[0;31m[ERROR][0m test_configuration.sh failed (0s)
[0;34m[INFO][0m Starting Dotfiles Configuration Testing Framework
[0;34m[INFO][0m Platform: darwin25
[0;34m[INFO][0m Date: Mon Aug  4 17:06:47 EEST 2025

[0;34m[INFO][0m Running test: tools.yaml exists
[0;32m[PASS][0m tools.yaml exists

[0;36m[1mRunning infrastructure: test_linting.sh[0m
[0;36m============================================================[0m
[0;31m[ERROR][0m test_linting.sh failed (9s)
[0;31m[FAIL][0m shellcheck: lib/performance-advanced.sh
[0;31m[FAIL][0m shellcheck: lib/ai-security.sh
[0;31m[FAIL][0m shellcheck: lib/platform.sh
[0;31m[FAIL][0m shellcheck: lib/plugin-system.sh
[0;31m[FAIL][0m shellcheck: lib/backup-restore.sh
[0;31m[FAIL][0m shellcheck: lib/performance.sh
[0;31m[FAIL][0m shellcheck: lib/migration.sh
[0;31m[FAIL][0m shellcheck: lib/cli/secret.sh
[0;31m[FAIL][0m shellcheck: lib/cli/plugin.sh
[0;31m[FAIL][0m shellcheck: lib/cli/process.sh
[0;31m[FAIL][0m shellcheck: lib/cli/performance.sh
[0;31m[FAIL][0m shellcheck: lib/cli/devcontainer.sh
[0;31m[FAIL][0m shellcheck: lib/cli/migration.sh
[0;31m[FAIL][0m shellcheck: lib/cli/testing.sh
[0;31m[FAIL][0m shellcheck: lib/cli/project.sh
[0;31m[FAIL][0m shellcheck: lib/cli/metrics.sh
[0;31m[FAIL][0m shellcheck: lib/cli/backup.sh
[0;31m[FAIL][0m shellcheck: lib/cli/git.sh
[0;31m[FAIL][0m shellcheck: lib/cli/config.sh
[0;31m[FAIL][0m shellcheck: lib/cli/ai.sh
[0;31m[FAIL][0m shellcheck: lib/cli/database.sh
[0;31m[FAIL][0m shellcheck: lib/cli/security.sh
[0;31m[FAIL][0m shellcheck: lib/cli/core.sh
[0;32m[PASS][0m shellcheck: lib/migrate.sh
[0;31m[FAIL][0m shellcheck: lib/documentation.sh
[0;31m[FAIL][0m shellcheck: lib/metrics.sh
[0;31m[FAIL][0m shellcheck: lib/templating.sh
[0;31m[FAIL][0m shellcheck: lib/version.sh
[0;31m[FAIL][0m shellcheck: lib/performance-monitor.sh
[0;31m[FAIL][0m shellcheck: lib/ai-integration.sh
[0;31m[FAIL][0m shellcheck: scripts/tmux-diagnose.sh
[0;31m[FAIL][0m shellcheck: scripts/music.sh
[0;31m[FAIL][0m shellcheck: scripts/temp.sh
[0;32m[PASS][0m shellcheck: scripts/debug-install.sh
[0;31m[FAIL][0m shellcheck: scripts/tmux-migrate.sh
[0;31m[FAIL][0m shellcheck: scripts/setup-hooks.sh
[0;31m[FAIL][0m shellcheck: scripts/install.sh
[0;32m[PASS][0m shellcheck: scripts/tmux-fix-complete.sh
[0;32m[PASS][0m shellcheck: scripts/test-terminal-title.sh
[0;32m[PASS][0m shellcheck: scripts/bootstrap.sh
[0;32m[PASS][0m shellcheck: scripts/test-workflow-enhancements.sh
[0;32m[PASS][0m shellcheck: scripts/tmux/ai-layout.sh
[0;32m[PASS][0m shellcheck: scripts/tmux/web-layout.sh
[0;31m[FAIL][0m shellcheck: scripts/tmux/ios-layout.sh
[0;32m[PASS][0m shellcheck: scripts/tmux/dev-layout.sh
[0;31m[FAIL][0m shellcheck: scripts/tmux/fastapi-layout.sh
[0;31m[FAIL][0m shellcheck: scripts/tmux-clipboard.sh
[0;32m[PASS][0m shellcheck: scripts/health-check.sh
[0;31m[FAIL][0m shellcheck: scripts/tmux-fix.sh
[0;31m[FAIL][0m shellcheck: scripts/nvim-migrate.sh
[0;31m[FAIL][0m shellcheck: scripts/tmux-verify.sh
[0;32m[PASS][0m shellcheck: tests/test_runner.sh
[0;31m[FAIL][0m shellcheck: tests/infrastructure/test_installation.sh
[0;32m[PASS][0m shellcheck: tests/infrastructure/test_linting.sh
[0;31m[FAIL][0m shellcheck: tests/infrastructure/test_configuration.sh
[0;32m[PASS][0m shellcheck: tests/infrastructure/test_health_checks.sh
[0;31m[FAIL][0m yamllint: config/templates.yaml
[0;31m[FAIL][0m yamllint: config/tools.yaml
Tests Run: 58
Tests Passed: 13
Tests Failed: 45

[0;36m[1mTest Results[0m
[0;36m============================================================[0m
[1;33m[WARNING][0m No tests were executed!
[0;34m[INFO][0m Summary report generated: /Users/bogdan/dotfiles/tests/results/summary_20250804_170647.md
